<?xml version="1.0" encoding="UTF-8"?>
<testsuites>
  <testsuite name="Project Test Suite" tests="1" assertions="1" errors="0" failures="0" skipped="0" time="18.263040">
    <testsuite name="App\Tests\PartenaireControllerTest" file="/home/mister_d/Bureau/transfertok/tests/PartenaireControllerTest.php" tests="1" assertions="1" errors="0" failures="0" skipped="0" time="18.263040">
      <testcase name="testAddPartenaireok" class="App\Tests\PartenaireControllerTest" classname="App.Tests.PartenaireControllerTest" file="/home/mister_d/Bureau/transfertok/tests/PartenaireControllerTest.php" line="9" assertions="1" time="18.263040">
        <system-out>/home/mister_d/Bureau/transfertok/tests/PartenaireControllerTest.php:26:
class Symfony\Component\HttpFoundation\JsonResponse#3658 (9) {
  protected $data =&gt;
  string(53) "{"status":201,"message":"Partenaire enregistr\u00e9"}"
  protected $callback =&gt;
  NULL
  protected $encodingOptions =&gt;
  int(15)
  public $headers =&gt;
  class Symfony\Component\HttpFoundation\ResponseHeaderBag#3766 (5) {
    protected $computedCacheControl =&gt;
    array(2) {
      'no-cache' =&gt;
      bool(true)
      'private' =&gt;
      bool(true)
    }
    protected $cookies =&gt;
    array(0) {
    }
    protected $headerNames =&gt;
    array(5) {
      'cache-control' =&gt;
      string(13) "Cache-Control"
      'date' =&gt;
      string(4) "Date"
      'content-type' =&gt;
      string(12) "Content-Type"
      'link' =&gt;
      string(4) "Link"
      'x-robots-tag' =&gt;
      string(12) "X-Robots-Tag"
    }
    protected $headers =&gt;
    array(5) {
      'cache-control' =&gt;
      array(1) {
        ...
      }
      'date' =&gt;
      array(1) {
        ...
      }
      'content-type' =&gt;
      array(1) {
        ...
      }
      'link' =&gt;
      array(1) {
        ...
      }
      'x-robots-tag' =&gt;
      array(1) {
        ...
      }
    }
    protected $cacheControl =&gt;
    array(0) {
    }
  }
  protected $content =&gt;
  string(53) "{"status":201,"message":"Partenaire enregistr\u00e9"}"
  protected $version =&gt;
  string(3) "1.1"
  protected $statusCode =&gt;
  int(201)
  protected $statusText =&gt;
  string(7) "Created"
  protected $charset =&gt;
  string(5) "UTF-8"
}
</system-out>
      </testcase>
    </testsuite>
  </testsuite>
</testsuites>
